[0.013s] Invoking command in '/home/upo/slam_ws/src/D-LIO/build/dlio': CMAKE_PREFIX_PATH=${CMAKE_PREFIX_PATH}:/opt/ros/humble /home/upo/.local/bin/cmake /home/upo/slam_ws/src/D-LIO -DCMAKE_INSTALL_PREFIX=/home/upo/slam_ws/src/D-LIO/install/dlio
[0.084s] CMake Deprecation Warning at CMakeLists.txt:2 (cmake_minimum_required):
[0.084s]   Compatibility with CMake < 3.10 will be removed from a future version of
[0.084s]   CMake.
[0.084s] 
[0.084s]   Update the VERSION argument <min> value.  Or, use the <min>...<max> syntax
[0.084s]   to tell CMake that the project requires at least <min> but has been updated
[0.084s]   to work with policies introduced by <max> or earlier.
[0.084s] 
[0.084s] 
[0.156s] -- The C compiler identification is GNU 11.4.0
[0.241s] -- The CXX compiler identification is GNU 11.4.0
[0.249s] -- Detecting C compiler ABI info
[0.316s] -- Detecting C compiler ABI info - done
[0.332s] -- Check for working C compiler: /usr/bin/cc - skipped
[0.332s] -- Detecting C compile features
[0.333s] -- Detecting C compile features - done
[0.348s] -- Detecting CXX compiler ABI info
[0.425s] -- Detecting CXX compiler ABI info - done
[0.442s] -- Check for working CXX compiler: /usr/bin/c++ - skipped
[0.442s] -- Detecting CXX compile features
[0.443s] -- Detecting CXX compile features - done
[0.456s] -- Found ament_cmake: 1.3.11 (/opt/ros/humble/share/ament_cmake/cmake)
[0.659s] -- Found Python3: /usr/bin/python3 (found version "3.10.12") found components: Interpreter
[0.793s] -- Found rclcpp: 16.0.11 (/opt/ros/humble/share/rclcpp/cmake)
[0.857s] -- Found rosidl_generator_c: 3.1.6 (/opt/ros/humble/share/rosidl_generator_c/cmake)
[0.865s] -- Found rosidl_adapter: 3.1.6 (/opt/ros/humble/share/rosidl_adapter/cmake)
[0.879s] -- Found rosidl_generator_cpp: 3.1.6 (/opt/ros/humble/share/rosidl_generator_cpp/cmake)
[0.898s] -- Using all available rosidl_typesupport_c: rosidl_typesupport_fastrtps_c;rosidl_typesupport_introspection_c
[0.920s] -- Using all available rosidl_typesupport_cpp: rosidl_typesupport_fastrtps_cpp;rosidl_typesupport_introspection_cpp
[0.986s] -- Found rmw_implementation_cmake: 6.1.2 (/opt/ros/humble/share/rmw_implementation_cmake/cmake)
[0.993s] -- Found rmw_fastrtps_cpp: 6.2.7 (/opt/ros/humble/share/rmw_fastrtps_cpp/cmake)
[1.149s] -- Found OpenSSL: /usr/lib/x86_64-linux-gnu/libcrypto.so (found version "3.0.2")
[1.199s] -- Found FastRTPS: /opt/ros/humble/include
[1.279s] -- Using RMW implementation 'rmw_fastrtps_cpp' as default
[1.297s] -- Performing Test CMAKE_HAVE_LIBC_PTHREAD
[1.367s] -- Performing Test CMAKE_HAVE_LIBC_PTHREAD - Success
[1.367s] -- Found Threads: TRUE
[1.443s] -- Found message_filters: 4.3.5 (/opt/ros/humble/share/message_filters/cmake)
[1.450s] -- Found tf2: 0.25.11 (/opt/ros/humble/share/tf2/cmake)
[1.489s] -- Found tf2_ros: 0.25.11 (/opt/ros/humble/share/tf2_ros/cmake)
[1.617s] -- Found tf2_geometry_msgs: 0.25.11 (/opt/ros/humble/share/tf2_geometry_msgs/cmake)
[1.652s] -- Found eigen3_cmake_module: 0.1.1 (/opt/ros/humble/share/eigen3_cmake_module/cmake)
[1.654s] -- Found Eigen3: TRUE (found version "3.4.0")
[1.654s] -- Ensuring Eigen3 include directory is part of orocos-kdl CMake target
[1.660s] -- Found sensor_msgs: 4.2.4 (/opt/ros/humble/share/sensor_msgs/cmake)
[1.685s] -- Found nav_msgs: 4.2.4 (/opt/ros/humble/share/nav_msgs/cmake)
[1.707s] -- Found pcl_ros: 2.4.5 (/opt/ros/humble/share/pcl_ros/cmake)
[1.759s] CMake Warning (dev) at /usr/lib/x86_64-linux-gnu/cmake/pcl/PCLConfig.cmake:146 (find_package):
[1.759s]   Policy CMP0144 is not set: find_package uses upper-case <PACKAGENAME>_ROOT
[1.759s]   variables.  Run "cmake --help-policy CMP0144" for policy details.  Use the
[1.759s]   cmake_policy command to set the policy and suppress this warning.
[1.759s] 
[1.759s]   CMake variable EIGEN_ROOT is set to:
[1.759s] 
[1.759s]     /usr/include/eigen3
[1.759s] 
[1.759s]   For compatibility, find_package is ignoring the variable, but code in a
[1.759s]   .cmake module might still use it.
[1.759s] Call Stack (most recent call first):
[1.759s]   /usr/lib/x86_64-linux-gnu/cmake/pcl/PCLConfig.cmake:299 (find_eigen)
[1.760s]   /usr/lib/x86_64-linux-gnu/cmake/pcl/PCLConfig.cmake:543 (find_external_library)
[1.760s]   /opt/ros/humble/share/pcl_conversions/cmake/ament_cmake_export_dependencies-extras.cmake:21 (find_package)
[1.760s]   /opt/ros/humble/share/pcl_conversions/cmake/pcl_conversionsConfig.cmake:41 (include)
[1.760s]   /opt/ros/humble/share/pcl_ros/cmake/ament_cmake_export_dependencies-extras.cmake:21 (find_package)
[1.760s]   /opt/ros/humble/share/pcl_ros/cmake/pcl_rosConfig.cmake:41 (include)
[1.760s]   CMakeLists.txt:36 (find_package)
[1.760s] This warning is for project developers.  Use -Wno-dev to suppress it.
[1.760s] 
[1.765s] -- Checking for module 'eigen3'
[1.780s] --   Found eigen3, version 3.4.0
[1.817s] -- Found Eigen: /usr/include/eigen3 (Required is at least version "3.1")
[1.818s] -- Eigen found (include: /usr/include/eigen3, version: 3.4.0)
[1.818s] CMake Warning (dev) at /usr/lib/x86_64-linux-gnu/cmake/pcl/PCLConfig.cmake:128 (find_package):
[1.818s]   Policy CMP0167 is not set: The FindBoost module is removed.  Run "cmake
[1.818s]   --help-policy CMP0167" for policy details.  Use the cmake_policy command to
[1.818s]   set the policy and suppress this warning.
[1.818s] 
[1.818s] Call Stack (most recent call first):
[1.818s]   /usr/lib/x86_64-linux-gnu/cmake/pcl/PCLConfig.cmake:297 (find_boost)
[1.818s]   /usr/lib/x86_64-linux-gnu/cmake/pcl/PCLConfig.cmake:543 (find_external_library)
[1.818s]   /opt/ros/humble/share/pcl_conversions/cmake/ament_cmake_export_dependencies-extras.cmake:21 (find_package)
[1.818s]   /opt/ros/humble/share/pcl_conversions/cmake/pcl_conversionsConfig.cmake:41 (include)
[1.818s]   /opt/ros/humble/share/pcl_ros/cmake/ament_cmake_export_dependencies-extras.cmake:21 (find_package)
[1.818s]   /opt/ros/humble/share/pcl_ros/cmake/pcl_rosConfig.cmake:41 (include)
[1.818s]   CMakeLists.txt:36 (find_package)
[1.818s] This warning is for project developers.  Use -Wno-dev to suppress it.
[1.818s] 
[1.858s] CMake Warning (dev) at /usr/lib/x86_64-linux-gnu/cmake/pcl/Modules/FindFLANN.cmake:44 (find_package):
[1.858s]   Policy CMP0144 is not set: find_package uses upper-case <PACKAGENAME>_ROOT
[1.858s]   variables.  Run "cmake --help-policy CMP0144" for policy details.  Use the
[1.858s]   cmake_policy command to set the policy and suppress this warning.
[1.859s] 
[1.859s]   CMake variable FLANN_ROOT is set to:
[1.859s] 
[1.859s]     /usr
[1.859s] 
[1.859s]   For compatibility, find_package is ignoring the variable, but code in a
[1.859s]   .cmake module might still use it.
[1.859s] Call Stack (most recent call first):
[1.859s]   /usr/lib/x86_64-linux-gnu/cmake/pcl/PCLConfig.cmake:256 (find_package)
[1.859s]   /usr/lib/x86_64-linux-gnu/cmake/pcl/PCLConfig.cmake:301 (find_flann)
[1.859s]   /usr/lib/x86_64-linux-gnu/cmake/pcl/PCLConfig.cmake:543 (find_external_library)
[1.859s]   /opt/ros/humble/share/pcl_conversions/cmake/ament_cmake_export_dependencies-extras.cmake:21 (find_package)
[1.859s]   /opt/ros/humble/share/pcl_conversions/cmake/pcl_conversionsConfig.cmake:41 (include)
[1.859s]   /opt/ros/humble/share/pcl_ros/cmake/ament_cmake_export_dependencies-extras.cmake:21 (find_package)
[1.859s]   /opt/ros/humble/share/pcl_ros/cmake/pcl_rosConfig.cmake:41 (include)
[1.859s]   CMakeLists.txt:36 (find_package)
[1.859s] This warning is for project developers.  Use -Wno-dev to suppress it.
[1.859s] 
[1.890s] -- Checking for module 'flann'
[1.905s] --   Found flann, version 1.9.1
[1.956s] -- Found FLANN: /usr/lib/x86_64-linux-gnu/libflann_cpp.so
[1.956s] -- FLANN found (include: /usr/include, lib: /usr/lib/x86_64-linux-gnu/libflann_cpp.so)
[3.073s] -- Checking for module 'libusb-1.0'
[3.089s] --   Found libusb-1.0, version 1.0.25
[3.131s] -- Found libusb: /usr/lib/x86_64-linux-gnu/libusb-1.0.so
[3.133s] -- OpenNI found (version: 1.5.4.0, include: /usr/include/ni, lib: /usr/lib/libOpenNI.so;libusb::libusb)
[3.201s] -- OpenNI2 found (version: 2.2.0.33, include: /usr/include/openni2, lib: /usr/lib/x86_64-linux-gnu/libOpenNI2.so;libusb::libusb)
[3.472s] CMake Warning (dev) at /usr/lib/x86_64-linux-gnu/cmake/pcl/PCLConfig.cmake:128 (find_package):
[3.472s]   Policy CMP0167 is not set: The FindBoost module is removed.  Run "cmake
[3.472s]   --help-policy CMP0167" for policy details.  Use the cmake_policy command to
[3.472s]   set the policy and suppress this warning.
[3.472s] 
[3.472s] Call Stack (most recent call first):
[3.472s]   /usr/lib/x86_64-linux-gnu/cmake/pcl/PCLConfig.cmake:297 (find_boost)
[3.472s]   /usr/lib/x86_64-linux-gnu/cmake/pcl/PCLConfig.cmake:543 (find_external_library)
[3.472s]   /opt/ros/humble/share/pcl_conversions/cmake/ament_cmake_export_dependencies-extras.cmake:21 (find_package)
[3.472s]   /opt/ros/humble/share/pcl_conversions/cmake/pcl_conversionsConfig.cmake:41 (include)
[3.472s]   /opt/ros/humble/share/pcl_ros/cmake/ament_cmake_export_dependencies-extras.cmake:21 (find_package)
[3.472s]   /opt/ros/humble/share/pcl_ros/cmake/pcl_rosConfig.cmake:41 (include)
[3.472s]   CMakeLists.txt:36 (find_package)
[3.473s] This warning is for project developers.  Use -Wno-dev to suppress it.
[3.473s] 
[3.482s] -- Eigen found (include: /usr/include/eigen3, version: 3.4.0)
[3.488s] -- OpenNI found (version: 1.5.4.0, include: /usr/include/ni, lib: /usr/lib/libOpenNI.so;libusb::libusb)
[3.494s] -- OpenNI2 found (version: 2.2.0.33, include: /usr/include/openni2, lib: /usr/lib/x86_64-linux-gnu/libOpenNI2.so;libusb::libusb)
[3.774s] -- Found Qhull version 8.0.2
[4.111s] -- OpenNI found (version: 1.5.4.0, include: /usr/include/ni, lib: /usr/lib/libOpenNI.so;libusb::libusb)
[4.416s] -- Found PCL_COMMON: /usr/lib/x86_64-linux-gnu/libpcl_common.so
[4.426s] -- Found PCL_KDTREE: /usr/lib/x86_64-linux-gnu/libpcl_kdtree.so
[4.428s] -- Found PCL_OCTREE: /usr/lib/x86_64-linux-gnu/libpcl_octree.so
[4.430s] -- Found PCL_SEARCH: /usr/lib/x86_64-linux-gnu/libpcl_search.so
[4.433s] -- Found PCL_SAMPLE_CONSENSUS: /usr/lib/x86_64-linux-gnu/libpcl_sample_consensus.so
[4.435s] -- Found PCL_FILTERS: /usr/lib/x86_64-linux-gnu/libpcl_filters.so
[4.436s] -- Found PCL_2D: /usr/include/pcl-1.12
[4.436s] -- Found PCL_GEOMETRY: /usr/include/pcl-1.12
[4.438s] -- Found PCL_IO: /usr/lib/x86_64-linux-gnu/libpcl_io.so
[4.439s] -- Found PCL_FEATURES: /usr/lib/x86_64-linux-gnu/libpcl_features.so
[4.440s] -- Found PCL_ML: /usr/lib/x86_64-linux-gnu/libpcl_ml.so
[4.441s] -- Found PCL_SEGMENTATION: /usr/lib/x86_64-linux-gnu/libpcl_segmentation.so
[4.442s] -- Found PCL_VISUALIZATION: /usr/lib/x86_64-linux-gnu/libpcl_visualization.so
[4.443s] -- Found PCL_SURFACE: /usr/lib/x86_64-linux-gnu/libpcl_surface.so
[4.444s] -- Found PCL_REGISTRATION: /usr/lib/x86_64-linux-gnu/libpcl_registration.so
[4.446s] -- Found PCL_KEYPOINTS: /usr/lib/x86_64-linux-gnu/libpcl_keypoints.so
[4.447s] -- Found PCL_TRACKING: /usr/lib/x86_64-linux-gnu/libpcl_tracking.so
[4.449s] -- Found PCL_RECOGNITION: /usr/lib/x86_64-linux-gnu/libpcl_recognition.so
[4.450s] -- Found PCL_STEREO: /usr/lib/x86_64-linux-gnu/libpcl_stereo.so
[4.451s] -- Found PCL_APPS: /usr/lib/x86_64-linux-gnu/libpcl_apps.so
[4.452s] -- Found PCL_IN_HAND_SCANNER: /usr/include/pcl-1.12
[4.452s] -- Found PCL_MODELER: /usr/include/pcl-1.12
[4.453s] -- Found PCL_POINT_CLOUD_EDITOR: /usr/include/pcl-1.12
[4.454s] -- Found PCL_OUTOFCORE: /usr/lib/x86_64-linux-gnu/libpcl_outofcore.so
[4.455s] -- Found PCL_PEOPLE: /usr/lib/x86_64-linux-gnu/libpcl_people.so
[4.467s] CMake Warning (dev) at CMakeLists.txt:38 (find_package):
[4.467s]   Policy CMP0074 is not set: find_package uses <PackageName>_ROOT variables.
[4.467s]   Run "cmake --help-policy CMP0074" for policy details.  Use the cmake_policy
[4.467s]   command to set the policy and suppress this warning.
[4.467s] 
[4.467s]   CMake variable PCL_ROOT is set to:
[4.467s] 
[4.468s]     /usr
[4.468s] 
[4.468s]   For compatibility, CMake is ignoring the variable.
[4.468s] This warning is for project developers.  Use -Wno-dev to suppress it.
[4.468s] 
[4.474s] CMake Warning (dev) at CMakeLists.txt:39 (find_package):
[4.474s]   Policy CMP0167 is not set: The FindBoost module is removed.  Run "cmake
[4.474s]   --help-policy CMP0167" for policy details.  Use the cmake_policy command to
[4.474s]   set the policy and suppress this warning.
[4.474s] 
[4.474s] This warning is for project developers.  Use -Wno-dev to suppress it.
[4.474s] 
[4.500s] -- Found Boost: /usr/lib/x86_64-linux-gnu/cmake/Boost-1.74.0/BoostConfig.cmake (found version "1.74.0") found components: thread chrono
[4.934s] -- Found AMD headers in: /usr/include/suitesparse
[4.938s] -- Found AMD library: /usr/lib/x86_64-linux-gnu/libamd.so
[4.939s] -- Found CAMD headers in: /usr/include/suitesparse
[4.941s] -- Found CAMD library: /usr/lib/x86_64-linux-gnu/libcamd.so
[4.941s] -- Found CCOLAMD headers in: /usr/include/suitesparse
[4.943s] -- Found CCOLAMD library: /usr/lib/x86_64-linux-gnu/libccolamd.so
[4.943s] -- Found CHOLMOD headers in: /usr/include/suitesparse
[4.944s] -- Found CHOLMOD library: /usr/lib/x86_64-linux-gnu/libcholmod.so
[4.944s] -- Found COLAMD headers in: /usr/include/suitesparse
[4.945s] -- Found COLAMD library: /usr/lib/x86_64-linux-gnu/libcolamd.so
[4.946s] -- Found SPQR headers in: /usr/include/suitesparse
[4.947s] -- Found SPQR library: /usr/lib/x86_64-linux-gnu/libspqr.so
[4.948s] -- Found Config headers in: /usr/include/suitesparse
[4.950s] -- Found Config library: /usr/lib/x86_64-linux-gnu/libsuitesparseconfig.so
[4.951s] -- Found Intel Thread Building Blocks (TBB) library (2021.5 / ). Assuming SuiteSparseQR was compiled with TBB.
[4.951s] -- Looking for shm_open in rt
[5.006s] -- Looking for shm_open in rt - found
[5.006s] -- Adding librt to SuiteSparse_config libraries (required on Linux & Unix [not OSX] if SuiteSparse is compiled with timing).
[5.011s] -- Found METIS: /usr/include (found version "5.1.0")
[5.011s] -- Looking for cholmod_metis
[5.107s] -- Looking for cholmod_metis - found
[5.108s] -- Found SuiteSparse: /usr/include/suitesparse (found suitable version "5.10.1", minimum required is "5.10.1") found components: AMD CAMD CCOLAMD CHOLMOD COLAMD SPQR Config
[5.109s] -- Found required Ceres dependency: Eigen version 3.4.0 in /usr/share/eigen3/cmake
[5.121s] -- Found required Ceres dependency: glog
[5.121s] -- Found required Ceres dependency: gflags
[5.122s] -- Found Ceres version: 2.2.0 installed in: /usr/local with components: [EigenSparse, SparseLinearAlgebraLibrary, LAPACK, SuiteSparse, SchurSpecializations]
[5.341s] -- Found OpenMP_C: -fopenmp (found version "4.5")
[5.407s] -- Found OpenMP_CXX: -fopenmp (found version "4.5")
[5.407s] -- Found OpenMP: TRUE (found version "4.5")
[5.411s] -- Found std_srvs: 4.2.4 (/opt/ros/humble/share/std_srvs/cmake)
[5.427s] -- Found livox_ros_driver2: 1.0.0 (/home/upo/slam_ws/install/livox_ros_driver2/share/livox_ros_driver2/cmake)
[5.511s] -- Configuring done (5.4s)
[5.580s] -- Generating done (0.1s)
[5.586s] -- Build files have been written to: /home/upo/slam_ws/src/D-LIO/build/dlio
[5.603s] Invoked command in '/home/upo/slam_ws/src/D-LIO/build/dlio' returned '0': CMAKE_PREFIX_PATH=${CMAKE_PREFIX_PATH}:/opt/ros/humble /home/upo/.local/bin/cmake /home/upo/slam_ws/src/D-LIO -DCMAKE_INSTALL_PREFIX=/home/upo/slam_ws/src/D-LIO/install/dlio
[5.605s] Invoking command in '/home/upo/slam_ws/src/D-LIO/build/dlio': CMAKE_PREFIX_PATH=${CMAKE_PREFIX_PATH}:/opt/ros/humble /home/upo/.local/bin/cmake --build /home/upo/slam_ws/src/D-LIO/build/dlio -- -j20 -l20
[5.691s] [ 33%] [32mBuilding CXX object CMakeFiles/dlio_node.dir/src/dlio_node.cpp.o[0m
[5.691s] [ 66%] [32mBuilding CXX object CMakeFiles/dlio_node.dir/src/point_cloud_processor.cpp.o[0m
[39.101s] [100%] [32m[1mLinking CXX executable dlio_node[0m
[40.189s] [100%] Built target dlio_node
[40.200s] Invoked command in '/home/upo/slam_ws/src/D-LIO/build/dlio' returned '0': CMAKE_PREFIX_PATH=${CMAKE_PREFIX_PATH}:/opt/ros/humble /home/upo/.local/bin/cmake --build /home/upo/slam_ws/src/D-LIO/build/dlio -- -j20 -l20
[40.268s] Invoking command in '/home/upo/slam_ws/src/D-LIO/build/dlio': CMAKE_PREFIX_PATH=${CMAKE_PREFIX_PATH}:/opt/ros/humble /home/upo/.local/bin/cmake --install /home/upo/slam_ws/src/D-LIO/build/dlio
[40.328s] -- Install configuration: ""
[40.328s] -- Installing: /home/upo/slam_ws/src/D-LIO/install/dlio/lib/dlio/dlio_node
[40.338s] -- Set non-toolchain portion of runtime path of "/home/upo/slam_ws/src/D-LIO/install/dlio/lib/dlio/dlio_node" to ""
[40.338s] -- Installing: /home/upo/slam_ws/src/D-LIO/install/dlio/share/dlio/launch
[40.338s] -- Installing: /home/upo/slam_ws/src/D-LIO/install/dlio/share/dlio/launch/dlio_college_launch.py
[40.347s] -- Installing: /home/upo/slam_ws/src/D-LIO/install/dlio/share/dlio/launch/dlio_diag_launch.py
[40.347s] -- Installing: /home/upo/slam_ws/src/D-LIO/install/dlio/share/dlio/launch/default.rviz
[40.347s] -- Installing: /home/upo/slam_ws/src/D-LIO/install/dlio/share/dlio/launch/dlio_tudorun_launch.py
[40.347s] -- Installing: /home/upo/slam_ws/src/D-LIO/install/dlio/share/dlio/launch/dlio_colosseo_launch.py
[40.347s] -- Installing: /home/upo/slam_ws/src/D-LIO/install/dlio/share/dlio/launch/dlio_spagna_launch.py
[40.347s] -- Installing: /home/upo/slam_ws/src/D-LIO/install/dlio/share/dlio/launch/dlio_go2_launch.py
[40.347s] -- Installing: /home/upo/slam_ws/src/D-LIO/install/dlio/share/dlio/launch/dlio_pinicio_launch.py
[40.347s] -- Installing: /home/upo/slam_ws/src/D-LIO/install/dlio/share/dlio/launch/dlio_dji_launch.py
[40.347s] -- Installing: /home/upo/slam_ws/src/D-LIO/install/dlio/share/dlio/launch/dlio_launch.py
[40.347s] -- Installing: /home/upo/slam_ws/src/D-LIO/install/dlio/share/dlio/launch/dlio_grandtour_launch.py
[40.347s] -- Installing: /home/upo/slam_ws/src/D-LIO/install/dlio/share/dlio/launch/dlio_viral_launch.py
[40.348s] -- Installing: /home/upo/slam_ws/src/D-LIO/install/dlio/share/dlio/launch/dlio_snail_launch.py
[40.348s] -- Installing: /home/upo/slam_ws/src/D-LIO/install/dlio/share/dlio/config
[40.348s] -- Installing: /home/upo/slam_ws/src/D-LIO/install/dlio/share/dlio/config/dlio_dji.yaml
[40.348s] -- Installing: /home/upo/slam_ws/src/D-LIO/install/dlio/share/dlio/config/dlio.yaml
[40.348s] -- Installing: /home/upo/slam_ws/src/D-LIO/install/dlio/share/dlio/config/dlio_go2.yaml
[40.348s] -- Installing: /home/upo/slam_ws/src/D-LIO/install/dlio/share/dlio/config/dlio_college.yaml
[40.348s] -- Installing: /home/upo/slam_ws/src/D-LIO/install/dlio/share/dlio/config/dlio_diag.yaml
[40.348s] -- Installing: /home/upo/slam_ws/src/D-LIO/install/dlio/share/dlio/config/dlio_snail.yaml
[40.348s] -- Installing: /home/upo/slam_ws/src/D-LIO/install/dlio/share/dlio/config/dlio_spagna.yaml
[40.348s] -- Installing: /home/upo/slam_ws/src/D-LIO/install/dlio/share/dlio/config/dlio_viral.yaml
[40.348s] -- Installing: /home/upo/slam_ws/src/D-LIO/install/dlio/share/dlio/config/dlio_colosseo.yaml
[40.348s] -- Installing: /home/upo/slam_ws/src/D-LIO/install/dlio/share/dlio/config/dlio_pinicio.yaml
[40.348s] -- Installing: /home/upo/slam_ws/src/D-LIO/install/dlio/share/dlio/config/dlio_grandtour.yaml
[40.349s] -- Installing: /home/upo/slam_ws/src/D-LIO/install/dlio/share/dlio/config/dlio_tudorun.yaml
[40.349s] -- Installing: /home/upo/slam_ws/src/D-LIO/install/dlio/share/ament_index/resource_index/package_run_dependencies/dlio
[40.349s] -- Installing: /home/upo/slam_ws/src/D-LIO/install/dlio/share/ament_index/resource_index/parent_prefix_path/dlio
[40.349s] -- Installing: /home/upo/slam_ws/src/D-LIO/install/dlio/share/dlio/environment/ament_prefix_path.sh
[40.349s] -- Installing: /home/upo/slam_ws/src/D-LIO/install/dlio/share/dlio/environment/ament_prefix_path.dsv
[40.349s] -- Installing: /home/upo/slam_ws/src/D-LIO/install/dlio/share/dlio/environment/path.sh
[40.349s] -- Installing: /home/upo/slam_ws/src/D-LIO/install/dlio/share/dlio/environment/path.dsv
[40.349s] -- Installing: /home/upo/slam_ws/src/D-LIO/install/dlio/share/dlio/local_setup.bash
[40.349s] -- Installing: /home/upo/slam_ws/src/D-LIO/install/dlio/share/dlio/local_setup.sh
[40.349s] -- Installing: /home/upo/slam_ws/src/D-LIO/install/dlio/share/dlio/local_setup.zsh
[40.349s] -- Installing: /home/upo/slam_ws/src/D-LIO/install/dlio/share/dlio/local_setup.dsv
[40.349s] -- Installing: /home/upo/slam_ws/src/D-LIO/install/dlio/share/dlio/package.dsv
[40.349s] -- Installing: /home/upo/slam_ws/src/D-LIO/install/dlio/share/ament_index/resource_index/packages/dlio
[40.349s] -- Installing: /home/upo/slam_ws/src/D-LIO/install/dlio/share/dlio/cmake/dlioConfig.cmake
[40.350s] -- Installing: /home/upo/slam_ws/src/D-LIO/install/dlio/share/dlio/cmake/dlioConfig-version.cmake
[40.350s] -- Installing: /home/upo/slam_ws/src/D-LIO/install/dlio/share/dlio/package.xml
[40.351s] Invoked command in '/home/upo/slam_ws/src/D-LIO/build/dlio' returned '0': CMAKE_PREFIX_PATH=${CMAKE_PREFIX_PATH}:/opt/ros/humble /home/upo/.local/bin/cmake --install /home/upo/slam_ws/src/D-LIO/build/dlio
