[0.106s] DEBUG:colcon:Command line arguments: ['/usr/bin/colcon', 'build', '--packages-select', 'dlio']
[0.106s] DEBUG:colcon:Parsed command line arguments: Namespace(log_base=None, log_level=None, verb_name='build', build_base='build', install_base='install', merge_install=False, symlink_install=False, test_result_base=None, continue_on_error=False, executor='parallel', parallel_workers=20, event_handlers=None, ignore_user_meta=False, metas=['./colcon.meta'], base_paths=['.'], packages_ignore=None, packages_ignore_regex=None, paths=None, packages_up_to=None, packages_up_to_regex=None, packages_above=None, packages_above_and_dependencies=None, packages_above_depth=None, packages_select_by_dep=None, packages_skip_by_dep=None, packages_skip_up_to=None, packages_select_build_failed=False, packages_skip_build_finished=False, packages_select_test_failures=False, packages_skip_test_passed=False, packages_select=['dlio'], packages_skip=None, packages_select_regex=None, packages_skip_regex=None, packages_start=None, packages_end=None, allow_overriding=[], cmake_args=None, cmake_target=None, cmake_target_skip_unavailable=False, cmake_clean_cache=False, cmake_clean_first=False, cmake_force_configure=False, ament_cmake_args=None, catkin_cmake_args=None, catkin_skip_building_tests=False, verb_parser=<colcon_defaults.argument_parser.defaults.DefaultArgumentsDecorator object at 0x7dab6ce6c3a0>, verb_extension=<colcon_core.verb.build.BuildVerb object at 0x7dab6ce3fe80>, main=<bound method BuildVerb.main of <colcon_core.verb.build.BuildVerb object at 0x7dab6ce3fe80>>)
[0.261s] Level 1:colcon.colcon_core.package_discovery:discover_packages(colcon_meta) check parameters
[0.261s] Level 1:colcon.colcon_core.package_discovery:discover_packages(recursive) check parameters
[0.261s] Level 1:colcon.colcon_core.package_discovery:discover_packages(ignore) check parameters
[0.261s] Level 1:colcon.colcon_core.package_discovery:discover_packages(path) check parameters
[0.261s] Level 1:colcon.colcon_core.package_discovery:discover_packages(colcon_meta) discover
[0.261s] Level 1:colcon.colcon_core.package_discovery:discover_packages(recursive) discover
[0.261s] INFO:colcon.colcon_core.package_discovery:Crawling recursively for packages in '/home/upo/slam_ws/src/D-LIO'
[0.261s] Level 1:colcon.colcon_core.package_identification:_identify(.) by extensions ['ignore', 'ignore_ament_install']
[0.262s] Level 1:colcon.colcon_core.package_identification:_identify(.) by extension 'ignore'
[0.262s] Level 1:colcon.colcon_core.package_identification:_identify(.) by extension 'ignore_ament_install'
[0.262s] Level 1:colcon.colcon_core.package_identification:_identify(.) by extensions ['colcon_pkg']
[0.262s] Level 1:colcon.colcon_core.package_identification:_identify(.) by extension 'colcon_pkg'
[0.262s] Level 1:colcon.colcon_core.package_identification:_identify(.) by extensions ['colcon_meta']
[0.262s] Level 1:colcon.colcon_core.package_identification:_identify(.) by extension 'colcon_meta'
[0.262s] Level 1:colcon.colcon_core.package_identification:_identify(.) by extensions ['ros']
[0.262s] Level 1:colcon.colcon_core.package_identification:_identify(.) by extension 'ros'
[0.274s] DEBUG:colcon.colcon_core.package_identification:Package '.' with type 'ros.ament_cmake' and name 'dlio'
[0.274s] Level 1:colcon.colcon_core.package_discovery:discover_packages(recursive) using defaults
[0.274s] Level 1:colcon.colcon_core.package_discovery:discover_packages(ignore) discover
[0.274s] Level 1:colcon.colcon_core.package_discovery:discover_packages(ignore) using defaults
[0.274s] Level 1:colcon.colcon_core.package_discovery:discover_packages(path) discover
[0.274s] Level 1:colcon.colcon_core.package_discovery:discover_packages(path) using defaults
[0.297s] Level 1:colcon.colcon_core.package_discovery:discover_packages(prefix_path) check parameters
[0.298s] Level 1:colcon.colcon_core.package_discovery:discover_packages(prefix_path) discover
[0.300s] DEBUG:colcon.colcon_installed_package_information.package_discovery:Found 5 installed packages in /home/upo/pose_slam/install
[0.301s] DEBUG:colcon.colcon_installed_package_information.package_discovery:Found 8 installed packages in /home/upo/slam_ws/install
[0.301s] DEBUG:colcon.colcon_installed_package_information.package_discovery:Found 236 installed packages in /opt/ros/humble
[0.302s] Level 1:colcon.colcon_core.package_discovery:discover_packages(prefix_path) using defaults
[0.325s] Level 5:colcon.colcon_core.verb:set package 'dlio' build argument 'cmake_args' from command line to 'None'
[0.325s] Level 5:colcon.colcon_core.verb:set package 'dlio' build argument 'cmake_target' from command line to 'None'
[0.325s] Level 5:colcon.colcon_core.verb:set package 'dlio' build argument 'cmake_target_skip_unavailable' from command line to 'False'
[0.325s] Level 5:colcon.colcon_core.verb:set package 'dlio' build argument 'cmake_clean_cache' from command line to 'False'
[0.325s] Level 5:colcon.colcon_core.verb:set package 'dlio' build argument 'cmake_clean_first' from command line to 'False'
[0.325s] Level 5:colcon.colcon_core.verb:set package 'dlio' build argument 'cmake_force_configure' from command line to 'False'
[0.325s] Level 5:colcon.colcon_core.verb:set package 'dlio' build argument 'ament_cmake_args' from command line to 'None'
[0.325s] Level 5:colcon.colcon_core.verb:set package 'dlio' build argument 'catkin_cmake_args' from command line to 'None'
[0.325s] Level 5:colcon.colcon_core.verb:set package 'dlio' build argument 'catkin_skip_building_tests' from command line to 'False'
[0.325s] DEBUG:colcon.colcon_core.verb:Building package 'dlio' with the following arguments: {'ament_cmake_args': None, 'build_base': '/home/upo/slam_ws/src/D-LIO/build/dlio', 'catkin_cmake_args': None, 'catkin_skip_building_tests': False, 'cmake_args': None, 'cmake_clean_cache': False, 'cmake_clean_first': False, 'cmake_force_configure': False, 'cmake_target': None, 'cmake_target_skip_unavailable': False, 'install_base': '/home/upo/slam_ws/src/D-LIO/install/dlio', 'merge_install': False, 'path': '/home/upo/slam_ws/src/D-LIO', 'symlink_install': False, 'test_result_base': None}
[0.326s] INFO:colcon.colcon_core.executor:Executing jobs using 'parallel' executor
[0.326s] DEBUG:colcon.colcon_parallel_executor.executor.parallel:run_until_complete
[0.327s] INFO:colcon.colcon_ros.task.ament_cmake.build:Building ROS package in '/home/upo/slam_ws/src/D-LIO' with build type 'ament_cmake'
[0.327s] INFO:colcon.colcon_cmake.task.cmake.build:Building CMake package in '/home/upo/slam_ws/src/D-LIO'
[0.329s] INFO:colcon.colcon_core.plugin_system:Skipping extension 'colcon_core.shell.bat': Not used on non-Windows systems
[0.329s] INFO:colcon.colcon_core.shell:Skip shell extension 'powershell' for command environment: Not usable outside of PowerShell
[0.330s] DEBUG:colcon.colcon_core.shell:Skip shell extension 'dsv' for command environment
[0.340s] DEBUG:colcon.colcon_core.event_handler.log_command:Invoking command in '/home/upo/slam_ws/src/D-LIO/build/dlio': CMAKE_PREFIX_PATH=${CMAKE_PREFIX_PATH}:/opt/ros/humble /home/upo/.local/bin/cmake /home/upo/slam_ws/src/D-LIO -DCMAKE_INSTALL_PREFIX=/home/upo/slam_ws/src/D-LIO/install/dlio
[5.930s] DEBUG:colcon.colcon_core.event_handler.log_command:Invoked command in '/home/upo/slam_ws/src/D-LIO/build/dlio' returned '0': CMAKE_PREFIX_PATH=${CMAKE_PREFIX_PATH}:/opt/ros/humble /home/upo/.local/bin/cmake /home/upo/slam_ws/src/D-LIO -DCMAKE_INSTALL_PREFIX=/home/upo/slam_ws/src/D-LIO/install/dlio
[5.932s] DEBUG:colcon.colcon_core.event_handler.log_command:Invoking command in '/home/upo/slam_ws/src/D-LIO/build/dlio': CMAKE_PREFIX_PATH=${CMAKE_PREFIX_PATH}:/opt/ros/humble /home/upo/.local/bin/cmake --build /home/upo/slam_ws/src/D-LIO/build/dlio -- -j20 -l20
[40.527s] DEBUG:colcon.colcon_core.event_handler.log_command:Invoked command in '/home/upo/slam_ws/src/D-LIO/build/dlio' returned '0': CMAKE_PREFIX_PATH=${CMAKE_PREFIX_PATH}:/opt/ros/humble /home/upo/.local/bin/cmake --build /home/upo/slam_ws/src/D-LIO/build/dlio -- -j20 -l20
[40.595s] DEBUG:colcon.colcon_core.event_handler.log_command:Invoking command in '/home/upo/slam_ws/src/D-LIO/build/dlio': CMAKE_PREFIX_PATH=${CMAKE_PREFIX_PATH}:/opt/ros/humble /home/upo/.local/bin/cmake --install /home/upo/slam_ws/src/D-LIO/build/dlio
[40.678s] Level 1:colcon.colcon_core.environment:create_environment_scripts_only(dlio)
[40.678s] DEBUG:colcon.colcon_core.event_handler.log_command:Invoked command in '/home/upo/slam_ws/src/D-LIO/build/dlio' returned '0': CMAKE_PREFIX_PATH=${CMAKE_PREFIX_PATH}:/opt/ros/humble /home/upo/.local/bin/cmake --install /home/upo/slam_ws/src/D-LIO/build/dlio
[40.682s] Level 1:colcon.colcon_core.environment:checking '/home/upo/slam_ws/src/D-LIO/install/dlio' for CMake module files
[40.683s] Level 1:colcon.colcon_core.environment:checking '/home/upo/slam_ws/src/D-LIO/install/dlio' for CMake config files
[40.683s] Level 1:colcon.colcon_core.shell:create_environment_hook('dlio', 'cmake_prefix_path')
[40.683s] INFO:colcon.colcon_core.shell:Creating environment hook '/home/upo/slam_ws/src/D-LIO/install/dlio/share/dlio/hook/cmake_prefix_path.ps1'
[40.684s] INFO:colcon.colcon_core.shell:Creating environment descriptor '/home/upo/slam_ws/src/D-LIO/install/dlio/share/dlio/hook/cmake_prefix_path.dsv'
[40.685s] INFO:colcon.colcon_core.shell:Creating environment hook '/home/upo/slam_ws/src/D-LIO/install/dlio/share/dlio/hook/cmake_prefix_path.sh'
[40.686s] Level 1:colcon.colcon_core.environment:checking '/home/upo/slam_ws/src/D-LIO/install/dlio/lib'
[40.686s] Level 1:colcon.colcon_core.environment:checking '/home/upo/slam_ws/src/D-LIO/install/dlio/bin'
[40.686s] Level 1:colcon.colcon_core.environment:checking '/home/upo/slam_ws/src/D-LIO/install/dlio/lib/pkgconfig/dlio.pc'
[40.686s] Level 1:colcon.colcon_core.environment:checking '/home/upo/slam_ws/src/D-LIO/install/dlio/lib/python3.10/site-packages'
[40.686s] Level 1:colcon.colcon_core.environment:checking '/home/upo/slam_ws/src/D-LIO/install/dlio/bin'
[40.687s] INFO:colcon.colcon_core.shell:Creating package script '/home/upo/slam_ws/src/D-LIO/install/dlio/share/dlio/package.ps1'
[40.688s] INFO:colcon.colcon_core.shell:Creating package descriptor '/home/upo/slam_ws/src/D-LIO/install/dlio/share/dlio/package.dsv'
[40.688s] INFO:colcon.colcon_core.shell:Creating package script '/home/upo/slam_ws/src/D-LIO/install/dlio/share/dlio/package.sh'
[40.689s] INFO:colcon.colcon_core.shell:Creating package script '/home/upo/slam_ws/src/D-LIO/install/dlio/share/dlio/package.bash'
[40.690s] INFO:colcon.colcon_core.shell:Creating package script '/home/upo/slam_ws/src/D-LIO/install/dlio/share/dlio/package.zsh'
[40.691s] Level 1:colcon.colcon_core.environment:create_file_with_runtime_dependencies(/home/upo/slam_ws/src/D-LIO/install/dlio/share/colcon-core/packages/dlio)
[40.692s] Level 1:colcon.colcon_core.environment:create_environment_scripts_only(dlio)
[40.692s] Level 1:colcon.colcon_core.environment:checking '/home/upo/slam_ws/src/D-LIO/install/dlio' for CMake module files
[40.692s] Level 1:colcon.colcon_core.environment:checking '/home/upo/slam_ws/src/D-LIO/install/dlio' for CMake config files
[40.692s] Level 1:colcon.colcon_core.shell:create_environment_hook('dlio', 'cmake_prefix_path')
[40.692s] INFO:colcon.colcon_core.shell:Creating environment hook '/home/upo/slam_ws/src/D-LIO/install/dlio/share/dlio/hook/cmake_prefix_path.ps1'
[40.693s] INFO:colcon.colcon_core.shell:Creating environment descriptor '/home/upo/slam_ws/src/D-LIO/install/dlio/share/dlio/hook/cmake_prefix_path.dsv'
[40.693s] INFO:colcon.colcon_core.shell:Creating environment hook '/home/upo/slam_ws/src/D-LIO/install/dlio/share/dlio/hook/cmake_prefix_path.sh'
[40.693s] Level 1:colcon.colcon_core.environment:checking '/home/upo/slam_ws/src/D-LIO/install/dlio/lib'
[40.694s] Level 1:colcon.colcon_core.environment:checking '/home/upo/slam_ws/src/D-LIO/install/dlio/bin'
[40.694s] Level 1:colcon.colcon_core.environment:checking '/home/upo/slam_ws/src/D-LIO/install/dlio/lib/pkgconfig/dlio.pc'
[40.694s] Level 1:colcon.colcon_core.environment:checking '/home/upo/slam_ws/src/D-LIO/install/dlio/lib/python3.10/site-packages'
[40.694s] Level 1:colcon.colcon_core.environment:checking '/home/upo/slam_ws/src/D-LIO/install/dlio/bin'
[40.694s] INFO:colcon.colcon_core.shell:Creating package script '/home/upo/slam_ws/src/D-LIO/install/dlio/share/dlio/package.ps1'
[40.695s] INFO:colcon.colcon_core.shell:Creating package descriptor '/home/upo/slam_ws/src/D-LIO/install/dlio/share/dlio/package.dsv'
[40.695s] INFO:colcon.colcon_core.shell:Creating package script '/home/upo/slam_ws/src/D-LIO/install/dlio/share/dlio/package.sh'
[40.695s] INFO:colcon.colcon_core.shell:Creating package script '/home/upo/slam_ws/src/D-LIO/install/dlio/share/dlio/package.bash'
[40.696s] INFO:colcon.colcon_core.shell:Creating package script '/home/upo/slam_ws/src/D-LIO/install/dlio/share/dlio/package.zsh'
[40.696s] Level 1:colcon.colcon_core.environment:create_file_with_runtime_dependencies(/home/upo/slam_ws/src/D-LIO/install/dlio/share/colcon-core/packages/dlio)
[40.696s] DEBUG:colcon.colcon_parallel_executor.executor.parallel:closing loop
[40.696s] DEBUG:colcon.colcon_parallel_executor.executor.parallel:loop closed
[40.696s] DEBUG:colcon.colcon_parallel_executor.executor.parallel:run_until_complete finished with '0'
[40.697s] DEBUG:colcon.colcon_core.event_reactor:joining thread
[40.701s] INFO:colcon.colcon_core.plugin_system:Skipping extension 'colcon_notification.desktop_notification.terminal_notifier': Not used on non-Darwin systems
[40.701s] INFO:colcon.colcon_core.plugin_system:Skipping extension 'colcon_notification.desktop_notification.win32': Not used on non-Windows systems
[40.701s] INFO:colcon.colcon_notification.desktop_notification:Sending desktop notification using 'notify2'
[40.714s] DEBUG:colcon.colcon_core.event_reactor:joined thread
[40.714s] INFO:colcon.colcon_core.shell:Creating prefix script '/home/upo/slam_ws/src/D-LIO/install/local_setup.ps1'
[40.715s] INFO:colcon.colcon_core.shell:Creating prefix util module '/home/upo/slam_ws/src/D-LIO/install/_local_setup_util_ps1.py'
[40.716s] INFO:colcon.colcon_core.shell:Creating prefix chain script '/home/upo/slam_ws/src/D-LIO/install/setup.ps1'
[40.718s] INFO:colcon.colcon_core.shell:Creating prefix script '/home/upo/slam_ws/src/D-LIO/install/local_setup.sh'
[40.718s] INFO:colcon.colcon_core.shell:Creating prefix util module '/home/upo/slam_ws/src/D-LIO/install/_local_setup_util_sh.py'
[40.719s] INFO:colcon.colcon_core.shell:Creating prefix chain script '/home/upo/slam_ws/src/D-LIO/install/setup.sh'
[40.720s] INFO:colcon.colcon_core.shell:Creating prefix script '/home/upo/slam_ws/src/D-LIO/install/local_setup.bash'
[40.721s] INFO:colcon.colcon_core.shell:Creating prefix chain script '/home/upo/slam_ws/src/D-LIO/install/setup.bash'
[40.723s] INFO:colcon.colcon_core.shell:Creating prefix script '/home/upo/slam_ws/src/D-LIO/install/local_setup.zsh'
[40.723s] INFO:colcon.colcon_core.shell:Creating prefix chain script '/home/upo/slam_ws/src/D-LIO/install/setup.zsh'
